SF:lib\whitelist.dart
DA:3,2
DA:4,1
DA:5,2
DA:8,1
DA:10,2
DA:11,1
LF:6
LH:6
end_of_record
SF:lib\builders\class_builder.dart
DA:24,2
DA:32,2
DA:34,4
DA:35,6
DA:36,2
DA:37,20
DA:39,2
DA:43,6
DA:45,2
DA:46,2
DA:47,6
DA:48,2
DA:51,2
DA:52,2
DA:53,6
DA:54,2
DA:57,2
DA:58,2
DA:59,4
DA:60,6
DA:61,2
DA:62,10
DA:63,2
DA:64,4
DA:67,1
DA:68,1
DA:69,1
DA:70,1
DA:71,1
LF:29
LH:29
end_of_record
SF:lib\builders\getter.dart
DA:25,2
DA:34,2
DA:35,3
DA:36,1
DA:38,10
LF:5
LH:5
end_of_record
SF:lib\builders\prop.dart
DA:10,3
DA:18,11
DA:19,3
DA:21,15
DA:24,1
DA:25,1
DA:26,1
DA:27,1
DA:28,1
DA:29,1
LF:10
LH:10
end_of_record
SF:lib\builders\file_builder.dart
DA:20,2
DA:22,1
DA:32,1
DA:36,1
DA:38,2
DA:41,2
DA:44,2
DA:47,2
DA:50,5
DA:51,1
DA:56,1
DA:57,7
DA:58,3
DA:60,2
LF:14
LH:14
end_of_record
SF:lib\extensions\list_of_string.dart
DA:4,4
LF:1
LH:1
end_of_record
